<?xml version="1.0" encoding="UTF-8"?>
<!-- Generated by org.testng.reporters.JUnitReportReporter -->
<testsuite skipped="0" hostname="LAPTOP-8SDH3R8D" name="graylocus.Vtiger" tests="1" failures="0" timestamp="02 May 2017 09:35:11 GMT" time="274.404" errors="0">
  <testcase name="test" time="274.404" classname="graylocus.Vtiger"/>
</testsuite> <!-- graylocus.Vtiger -->
