<?xml version="1.0" encoding="UTF-8"?>
<!-- Generated by org.testng.reporters.JUnitReportReporter -->
<testsuite skipped="0" hostname="LAPTOP-8SDH3R8D" name="firsttestngpackage.TestngAnnotation" tests="2" failures="0" timestamp="12 May 2017 10:05:23 GMT" time="0.009" errors="0">
  <testcase name="testCase2" time="0.001" classname="firsttestngpackage.TestngAnnotation"/>
  <testcase name="testCase1" time="0.008" classname="firsttestngpackage.TestngAnnotation"/>
</testsuite> <!-- firsttestngpackage.TestngAnnotation -->
