<?xml version="1.0" encoding="UTF-8"?>
<!-- Generated by org.testng.reporters.JUnitReportReporter -->
<testsuite skipped="0" hostname="LAPTOP-8SDH3R8D" name="firsttestngpackage.Test2" tests="1" failures="0" timestamp="12 May 2017 11:43:55 GMT" time="0.008" errors="0">
  <testcase name="testSalutationMessage" time="0.008" classname="firsttestngpackage.Test2"/>
</testsuite> <!-- firsttestngpackage.Test2 -->
