<?xml version="1.0" encoding="UTF-8"?>
<!-- Generated by org.testng.reporters.JUnitReportReporter -->
<testsuite skipped="0" hostname="LAPTOP-8SDH3R8D" name="firsttestngpackage.Sample_testng" tests="3" failures="0" timestamp="03 May 2017 11:35:54 GMT" time="41.081" errors="0">
  <testcase name="register" time="13.949" classname="firsttestngpackage.Sample_testng"/>
  <testcase name="support" time="13.357" classname="firsttestngpackage.Sample_testng"/>
  <testcase name="contact" time="13.775" classname="firsttestngpackage.Sample_testng"/>
</testsuite> <!-- firsttestngpackage.Sample_testng -->
