<?xml version="1.0" encoding="UTF-8"?>
<!-- Generated by org.testng.reporters.JUnitReportReporter -->
<testsuite skipped="0" hostname="LAPTOP-8SDH3R8D" name="firsttestngpackage.Test1" tests="1" failures="0" timestamp="12 May 2017 11:43:55 GMT" time="0.015" errors="0">
  <testcase name="testPrintMessage" time="0.015" classname="firsttestngpackage.Test1"/>
</testsuite> <!-- firsttestngpackage.Test1 -->
