<?xml version="1.0" encoding="UTF-8"?>
<!-- Generated by org.testng.reporters.JUnitReportReporter -->
<testsuite skipped="0" hostname="LAPTOP-8SDH3R8D" name="firsttestngpackage.NewTest" tests="1" failures="0" timestamp="12 May 2017 11:39:05 GMT" time="0.057" errors="0">
  <testcase name="f" time="0.057" classname="firsttestngpackage.NewTest"/>
</testsuite> <!-- firsttestngpackage.NewTest -->
