<?xml version="1.0" encoding="UTF-8"?>
<!-- Generated by org.testng.reporters.JUnitReportReporter -->
<testsuite skipped="0" hostname="LAPTOP-8SDH3R8D" name="firsttestngpackage.TestNGClass" tests="3" failures="0" timestamp="12 May 2017 11:43:55 GMT" time="42.031" errors="0">
  <testcase name="register" time="12.282" classname="firsttestngpackage.TestNGClass"/>
  <testcase name="support" time="15.134" classname="firsttestngpackage.TestNGClass"/>
  <testcase name="contact" time="14.615" classname="firsttestngpackage.TestNGClass"/>
</testsuite> <!-- firsttestngpackage.TestNGClass -->
